<?xml version="1.0" encoding="UTF-8"?>
<!-- Generated by org.testng.reporters.JUnitXMLReporter -->
<testsuite ignored="0" hostname="SHARAN47" failures="1" tests="2" name="Test2" time="21.378" errors="0" timestamp="2022-07-30T17:38:31 IST">
  <testcase classname="com.mystore.testcases.IndexPageTest" name="verifyTitle" time="0.011">
    <failure type="java.lang.AssertionError" message="expected [Store] but found [My Store]">
      <![CDATA[java.lang.AssertionError: expected [Store] but found [My Store]
at com.mystore.testcases.IndexPageTest.verifyTitle(IndexPageTest.java:38)
at java.base/java.util.ArrayList.forEach(ArrayList.java:1511)
at java.base/java.util.concurrent.FutureTask.run(FutureTask.java:264)
at java.base/java.util.concurrent.ThreadPoolExecutor.runWorker(ThreadPoolExecutor.java:1136)
at java.base/java.util.concurrent.ThreadPoolExecutor$Worker.run(ThreadPoolExecutor.java:635)
at java.base/java.lang.Thread.run(Thread.java:833)
... Removed 23 stack frames]]>
    </failure>
  </testcase> <!-- verifyTitle -->
  <testcase classname="com.mystore.testcases.SearcResultPageTest" name="searchProductAvailabilityTest" time="3.397"/>
</testsuite> <!-- Test2 -->
