<?xml version="1.0" encoding="UTF-8"?>
<!-- Generated by org.testng.reporters.JUnitXMLReporter -->
<testsuite ignored="0" hostname="SHARAN47" failures="1" tests="1" name="Test1" time="33.197" errors="0" timestamp="2022-07-29T20:21:26 IST">
  <testcase classname="com.mystore.testcases.IndexPageTest" name="verifyTitle" time="1.93">
    <failure type="java.lang.AssertionError" message="expected [Store] but found [My Store]">
      <![CDATA[java.lang.AssertionError: expected [Store] but found [My Store]
at com.mystore.testcases.IndexPageTest.verifyTitle(IndexPageTest.java:38)
at java.base/java.util.ArrayList.forEach(ArrayList.java:1511)
... Removed 32 stack frames]]>
    </failure>
  </testcase> <!-- verifyTitle -->
</testsuite> <!-- Test1 -->
