<?xml version="1.0" encoding="UTF-8"?>
<!-- Generated by org.testng.reporters.JUnitXMLReporter -->
<testsuite ignored="0" hostname="SHARAN47" failures="1" tests="4" name="RetryMultipleFailedTestCase" time="63.831" errors="0" timestamp="2022-07-29T19:55:00 IST">
  <testcase classname="com.mystore.testcases.IndexPageTest" name="verifyTitle" time="0.03">
    <skipped/>
  </testcase> <!-- verifyTitle -->
  <testcase classname="com.mystore.testcases.IndexPageTest" name="verifyTitle" time="0.015">
    <skipped/>
  </testcase> <!-- verifyTitle -->
  <testcase classname="com.mystore.testcases.IndexPageTest" name="verifyTitle" time="0.01">
    <skipped/>
  </testcase> <!-- verifyTitle -->
  <testcase classname="com.mystore.testcases.IndexPageTest" name="verifyTitle" time="0.01">
    <failure type="java.lang.AssertionError" message="expected [Store] but found [My Store]">
      <![CDATA[java.lang.AssertionError: expected [Store] but found [My Store]
at com.mystore.testcases.IndexPageTest.verifyTitle(IndexPageTest.java:38)
at java.base/java.util.ArrayList.forEach(ArrayList.java:1511)
... Removed 32 stack frames]]>
    </failure>
  </testcase> <!-- verifyTitle -->
</testsuite> <!-- RetryMultipleFailedTestCase -->
