<?xml version="1.0" encoding="UTF-8"?>
<testng-results ignored="0" total="1" passed="1" failed="0" skipped="0">
  <reporter-output>
  </reporter-output>
  <suite started-at="2022-07-30T17:38:10 IST" name="Suite" finished-at="2022-07-30T17:38:31 IST" duration-ms="21378">
    <groups>
      <group name="Integrstiontest">
        <method signature="SearcResultPageTest.searchProductAvailabilityTest(java.lang.String)[pri:0, instance:com.mystore.testcases.SearcResultPageTest@378542de]" name="searchProductAvailabilityTest" class="com.mystore.testcases.SearcResultPageTest"/>
      </group> <!-- Integrstiontest -->
      <group name="Smoketest">
        <method signature="IndexPageTest.verifyTitle()[pri:0, instance:com.mystore.testcases.IndexPageTest@40cb8df7]" name="verifyTitle" class="com.mystore.testcases.IndexPageTest"/>
      </group> <!-- Smoketest -->
    </groups>
    <test started-at="2022-07-30T17:38:10 IST" name="Test2" finished-at="2022-07-30T17:38:31 IST" duration-ms="21378">
      <class name="com.mystore.testcases.SearcResultPageTest">
        <test-method is-config="true" signature="ExtendReportGenerate()[pri:0, instance:com.mystore.testcases.SearcResultPageTest@378542de]" started-at="2022-07-30T17:38:10 IST" name="ExtendReportGenerate" finished-at="2022-07-30T17:38:10 IST" duration-ms="384" status="PASS">
          <reporter-output>
          </reporter-output>
        </test-method> <!-- ExtendReportGenerate -->
        <test-method is-config="true" signature="launchWebPage()[pri:0, instance:com.mystore.testcases.SearcResultPageTest@378542de]" started-at="2022-07-30T17:38:11 IST" name="launchWebPage" finished-at="2022-07-30T17:38:27 IST" duration-ms="16155" status="PASS">
          <reporter-output>
          </reporter-output>
        </test-method> <!-- launchWebPage -->
        <test-method signature="searchProductAvailabilityTest(java.lang.String)[pri:0, instance:com.mystore.testcases.SearcResultPageTest@378542de]" started-at="2022-07-30T17:38:27 IST" name="searchProductAvailabilityTest" data-provider="Productname" finished-at="2022-07-30T17:38:31 IST" duration-ms="3397" status="PASS">
          <params>
            <param index="0">
              <value>
                <![CDATA[t-shirt]]>
              </value>
            </param>
          </params>
          <reporter-output>
          </reporter-output>
        </test-method> <!-- searchProductAvailabilityTest -->
        <test-method is-config="true" signature="logOutToApp()[pri:0, instance:com.mystore.testcases.SearcResultPageTest@378542de]" started-at="2022-07-30T17:38:31 IST" name="logOutToApp" finished-at="2022-07-30T17:38:31 IST" duration-ms="246" status="PASS">
          <reporter-output>
          </reporter-output>
        </test-method> <!-- logOutToApp -->
        <test-method is-config="true" signature="ExtendeReportFlush()[pri:0, instance:com.mystore.testcases.SearcResultPageTest@378542de]" started-at="2022-07-30T17:38:31 IST" name="ExtendeReportFlush" finished-at="2022-07-30T17:38:31 IST" duration-ms="0" status="PASS">
          <reporter-output>
          </reporter-output>
        </test-method> <!-- ExtendeReportFlush -->
      </class> <!-- com.mystore.testcases.SearcResultPageTest -->
    </test> <!-- Test2 -->
  </suite> <!-- Suite -->
</testng-results>
